<?xml version="1.0" encoding="UTF-8"?>
<testng-results skipped="0" failed="0" total="1" passed="1">
  <reporter-output>
  </reporter-output>
  <suite name="Default suite" duration-ms="1555" started-at="2017-09-27T11:13:04Z" finished-at="2017-09-27T11:13:06Z">
    <groups>
    </groups>
    <test name="Default test" duration-ms="1555" started-at="2017-09-27T11:13:04Z" finished-at="2017-09-27T11:13:06Z">
      <class name="Module1.Module1">
        <test-method status="PASS" signature="stepModule1()[pri:0, instance:Module1.Module1@1efbd816]" name="stepModule1" duration-ms="1537" started-at="2017-09-27T16:43:04Z" finished-at="2017-09-27T16:43:06Z">
          <reporter-output>
          </reporter-output>
        </test-method> <!-- stepModule1 -->
      </class> <!-- Module1.Module1 -->
    </test> <!-- Default test -->
  </suite> <!-- Default suite -->
</testng-results>
